C:\USERS\SILENCE\SOURCE\COMPILER\C0\C0\DEBUG\C0.EXE.EMBED.MANIFEST
C:\USERS\SILENCE\SOURCE\COMPILER\C0\C0\DEBUG\C0.EXE.EMBED.MANIFEST.RES
C:\USERS\SILENCE\SOURCE\COMPILER\C0\C0\DEBUG\C0.EXE.INTERMEDIATE.MANIFEST
C:\Users\Silence\source\compiler\C0\C0\Debug\C0.vcxprojResolveAssemblyReference.cache
C:\Users\Silence\source\compiler\C0\C0\Debug\C0.write.1.tlog
C:\Users\Silence\source\compiler\C0\C0\Debug\C0_manifest.rc
C:\Users\Silence\source\compiler\C0\C0\Debug\cl.command.1.tlog
C:\Users\Silence\source\compiler\C0\C0\Debug\CL.read.1.tlog
C:\Users\Silence\source\compiler\C0\C0\Debug\CL.write.1.tlog
C:\USERS\SILENCE\SOURCE\COMPILER\C0\C0\DEBUG\COMPILER.OBJ
C:\Users\Silence\source\compiler\C0\C0\Debug\link.7612.read.1.tlog
C:\Users\Silence\source\compiler\C0\C0\Debug\link.7612.write.1.tlog
C:\Users\Silence\source\compiler\C0\C0\Debug\link.7612-cvtres.read.1.tlog
C:\Users\Silence\source\compiler\C0\C0\Debug\link.7612-cvtres.write.1.tlog
C:\Users\Silence\source\compiler\C0\C0\Debug\link.command.1.tlog
C:\Users\Silence\source\compiler\C0\C0\Debug\link.read.1.tlog
C:\Users\Silence\source\compiler\C0\C0\Debug\link.write.1.tlog
C:\Users\Silence\source\compiler\C0\C0\Debug\link-cvtres.read.1.tlog
C:\Users\Silence\source\compiler\C0\C0\Debug\link-cvtres.write.1.tlog
C:\Users\Silence\source\compiler\C0\C0\Debug\mt.command.1.tlog
C:\Users\Silence\source\compiler\C0\C0\Debug\mt.read.1.tlog
C:\Users\Silence\source\compiler\C0\C0\Debug\mt.write.1.tlog
C:\Users\Silence\source\compiler\C0\C0\Debug\rc.command.1.tlog
C:\Users\Silence\source\compiler\C0\C0\Debug\rc.read.1.tlog
C:\Users\Silence\source\compiler\C0\C0\Debug\rc.write.1.tlog
C:\Users\Silence\source\compiler\C0\C0\Debug\vc100.idb
C:\USERS\SILENCE\SOURCE\COMPILER\C0\C0\DEBUG\VC100.PDB
C:\USERS\SILENCE\SOURCE\COMPILER\C0\DEBUG\C0.EXE
C:\USERS\SILENCE\SOURCE\COMPILER\C0\DEBUG\C0.ILK
C:\USERS\SILENCE\SOURCE\COMPILER\C0\DEBUG\C0.PDB
